j_sol 1(incorrect) 3(incorrect) 5(correct) 7(crash)
m_sol 1(incorrect) 3(crash) 5(crash) 7(incorrect)
c_sol 1(crash) 3(correct) 5(crash) 7(correct)
d_sol 1(correct) 3(incorrect) 5(crash) 7(incorrect)
q_sol 1(crash) 3(incorrect) 5(incorrect) 7(correct)
p_sol 1(crash) 3(correct) 5(crash) 7(correct)
e_sol 1(correct) 3(crash) 5(correct) 7(correct)
b_sol 1(crash) 3(correct) 5(incorrect) 7(crash)
l_sol 1(incorrect) 3(correct) 5(crash) 7(correct)
k_sol 1(correct) 3(incorrect) 5(crash) 7(crash)
t_sol 1(crash) 3(correct) 5(incorrect) 7(crash)
s_sol 1(incorrect) 3(incorrect) 5(correct) 7(crash)
a_sol 1(crash) 3(crash) 5(correct) 7(crash)
f_sol 1(incorrect) 3(crash) 5(incorrect) 7(incorrect)
h_sol 1(crash) 3(incorrect) 5(incorrect) 7(correct)
o_sol 1(crash) 3(crash) 5(incorrect) 7(incorrect)
n_sol 1(correct) 3(crash) 5(correct) 7(crash)
i_sol 1(correct) 3(correct) 5(incorrect) 7(crash)
g_sol 1(crash) 3(correct) 5(correct) 7(incorrect)
r_sol 1(correct) 3(crash) 5(correct) 7(incorrect)
